-------------------------------------------------------------------------------
Test set: com.example.auth.tests.RegisterTest
-------------------------------------------------------------------------------
Tests run: 1, Failures: 1, Errors: 0, Skipped: 0, Time elapsed: 6.381 s <<< FAILURE! -- in com.example.auth.tests.RegisterTest
com.example.auth.tests.RegisterTest.registerTest -- Time elapsed: 6.378 s <<< FAILURE!
java.lang.AssertionError: Register verification failed - Element did not appear within timeout
	at com.example.auth.pages.RegisterPage.verifyRegisterSuccess(RegisterPage.java:63)
	at com.example.auth.pages.RegisterPage.register(RegisterPage.java:45)
	at com.example.auth.tests.RegisterTest.registerTest(RegisterTest.java:13)
	at java.base/java.lang.reflect.Method.invoke(Method.java:580)
	at java.base/java.util.ArrayList.forEach(ArrayList.java:1596)
	at java.base/java.util.ArrayList.forEach(ArrayList.java:1596)

