<?xml version="1.0" encoding="UTF-8"?>
<testsuite xmlns:xsi="http://www.w3.org/2001/XMLSchema-instance" xsi:noNamespaceSchemaLocation="https://maven.apache.org/surefire/maven-surefire-plugin/xsd/surefire-test-report.xsd" version="3.0.2" name="com.example.auth.tests.LoginTest" time="6.942" tests="1" errors="0" skipped="0" failures="0">
  <properties>
[...]
</properties>
  <testcase name="loginTest" classname="com.example.auth.tests.LoginTest" time="6.927">
    <system-out><![CDATA[✓ Login success verified - 'Deposit' button appeared
✓ User successfully logged in and redirected to dashboard
]]></system-out>
  </testcase>
</testsuite>